#
# There is insufficient memory for the Java Runtime Environment to continue.
# Native memory allocation (malloc) failed to allocate 1220816 bytes for Chunk::new
# Possible reasons:
#   The system is out of physical RAM or swap space
#   In 32 bit mode, the process size limit was hit
# Possible solutions:
#   Reduce memory load on the system
#   Increase physical memory or swap space
#   Check if swap backing store is full
#   Use 64 bit Java on a 64 bit OS
#   Decrease Java heap size (-Xmx/-Xms)
#   Decrease number of Java threads
#   Decrease Java thread stack sizes (-Xss)
#   Set larger code cache with -XX:ReservedCodeCacheSize=
# This output file may be truncated or incomplete.
#
#  Out of Memory Error (allocation.cpp:390), pid=4304, tid=0x0000000000000580
#
# JRE version: Java(TM) SE Runtime Environment (8.0_171-b11) (build 1.8.0_171-b11)
# Java VM: Java HotSpot(TM) 64-Bit Server VM (25.171-b11 mixed mode windows-amd64 compressed oops)
# Failed to write core dump. Minidumps are not enabled by default on client versions of Windows
#

---------------  T H R E A D  ---------------

Current thread (0x00000000183cf800):  JavaThread "C2 CompilerThread1" daemon [_thread_in_native, id=1408, stack(0x0000000018ba0000,0x0000000018ca0000)]

Stack: [0x0000000018ba0000,0x0000000018ca0000]
[error occurred during error reporting (printing stack bounds), id 0xc0000005]

Native frames: (J=compiled Java code, j=interpreted, Vv=VM code, C=native code)


Current CompileTask:
C2: 155140 20336       4       com.android.tools.r8.graph.ProgramClassVisitor::accept (54 bytes)


---------------  P R O C E S S  ---------------

Java Threads: ( => current thread )
  0x00000000226fe800 JavaThread "ForkJoinPool-2-worker-0" daemon [_thread_blocked, id=9244, stack(0x000000002e540000,0x000000002e640000)]
  0x00000000226fd000 JavaThread "ForkJoinPool-2-worker-3" daemon [_thread_in_Java, id=5564, stack(0x000000002e440000,0x000000002e540000)]
  0x0000000022701800 JavaThread "ForkJoinPool-2-worker-2" daemon [_thread_blocked, id=3888, stack(0x000000002e340000,0x000000002e440000)]
  0x0000000022700800 JavaThread "ForkJoinPool-2-worker-1" daemon [_thread_blocked, id=5512, stack(0x000000002e240000,0x000000002e340000)]
  0x0000000022700000 JavaThread "ForkJoinPool.commonPool-worker-0" daemon [_thread_blocked, id=6280, stack(0x000000002d340000,0x000000002d440000)]
  0x00000000226fc000 JavaThread "ForkJoinPool.commonPool-worker-7" daemon [_thread_blocked, id=9524, stack(0x000000002d240000,0x000000002d340000)]
  0x0000000019feb800 JavaThread "ForkJoinPool.commonPool-worker-6" daemon [_thread_blocked, id=10348, stack(0x000000002c740000,0x000000002c840000)]
  0x000000001a164800 JavaThread "ForkJoinPool.commonPool-worker-5" daemon [_thread_blocked, id=10308, stack(0x000000002c640000,0x000000002c740000)]
  0x000000001a162800 JavaThread "ForkJoinPool.commonPool-worker-3" daemon [_thread_blocked, id=2432, stack(0x000000002c440000,0x000000002c540000)]
  0x000000001a15b000 JavaThread "ForkJoinPool.commonPool-worker-2" daemon [_thread_blocked, id=10176, stack(0x000000002c340000,0x000000002c440000)]
  0x000000001a15e800 JavaThread "Cache worker for Java compile cache (E:\Android_Studio\IbookerEditor\.gradle\4.4\javaCompile)" [_thread_blocked, id=10356, stack(0x000000002bf40000,0x000000002c040000)]
  0x000000001a15c800 JavaThread "Task worker for ':' Thread 7" [_thread_blocked, id=1192, stack(0x000000002a540000,0x000000002a640000)]
  0x000000001a158000 JavaThread "Task worker for ':' Thread 6" [_thread_blocked, id=10204, stack(0x000000002a440000,0x000000002a540000)]
  0x000000001a15b800 JavaThread "Task worker for ':' Thread 5" [_thread_blocked, id=11224, stack(0x000000002a340000,0x000000002a440000)]
  0x000000001a15e000 JavaThread "Task worker for ':' Thread 4" [_thread_blocked, id=4720, stack(0x000000002a240000,0x000000002a340000)]
  0x000000001a157000 JavaThread "Task worker for ':' Thread 3" [_thread_blocked, id=8944, stack(0x000000002a140000,0x000000002a240000)]
  0x000000001a158800 JavaThread "Task worker for ':' Thread 2" [_thread_blocked, id=4804, stack(0x000000002a040000,0x000000002a140000)]
  0x000000001d077000 JavaThread "Task worker for ':'" [_thread_blocked, id=9984, stack(0x0000000029f40000,0x000000002a040000)]
  0x000000001d079800 JavaThread "Cache worker for Build Output Cleanup Cache (E:\Android_Studio\IbookerEditor\.gradle\buildOutputCleanup)" [_thread_blocked, id=1356, stack(0x0000000029e40000,0x0000000029f40000)]
  0x000000001d075800 JavaThread "Cache worker for task history cache (E:\Android_Studio\IbookerEditor\.gradle\4.4\taskHistory)" [_thread_blocked, id=980, stack(0x0000000029d40000,0x0000000029e40000)]
  0x000000001d078800 JavaThread "Cache worker for file content cache (E:\Android_Studio\IbookerEditor\.gradle\4.4\fileContent)" [_thread_blocked, id=4116, stack(0x0000000029c40000,0x0000000029d40000)]
  0x000000001d078000 JavaThread "build operations Thread 8" [_thread_blocked, id=11236, stack(0x0000000029b40000,0x0000000029c40000)]
  0x000000001d06f800 JavaThread "build operations Thread 7" [_thread_blocked, id=4784, stack(0x0000000029a40000,0x0000000029b40000)]
  0x000000001d076800 JavaThread "build operations Thread 6" [_thread_blocked, id=8032, stack(0x0000000029940000,0x0000000029a40000)]
  0x000000001d06f000 JavaThread "build operations Thread 5" [_thread_blocked, id=3616, stack(0x0000000029840000,0x0000000029940000)]
  0x000000001d074000 JavaThread "build operations Thread 4" [_thread_blocked, id=9364, stack(0x0000000029740000,0x0000000029840000)]
  0x000000001d075000 JavaThread "build operations Thread 3" [_thread_blocked, id=11064, stack(0x0000000029640000,0x0000000029740000)]
  0x000000001d073800 JavaThread "build operations Thread 2" [_thread_blocked, id=4624, stack(0x0000000029540000,0x0000000029640000)]
  0x000000001d072800 JavaThread "build operations" [_thread_blocked, id=8160, stack(0x0000000029440000,0x0000000029540000)]
  0x000000001d06c000 JavaThread "Cache worker for Artifact transforms cache (C:\Users\Administrator\.gradle\caches\transforms-1)" [_thread_blocked, id=10644, stack(0x0000000029340000,0x0000000029440000)]
  0x000000001d072000 JavaThread "Cache worker for file hash cache (E:\Android_Studio\IbookerEditor\.gradle\4.4\fileHashes)" [_thread_blocked, id=4956, stack(0x0000000029240000,0x0000000029340000)]
  0x000000001d071000 JavaThread "Stdin handler" [_thread_blocked, id=8056, stack(0x0000000029140000,0x0000000029240000)]
  0x000000001d070800 JavaThread "Asynchronous log dispatcher for DefaultDaemonConnection: socket connection from /127.0.0.1:52432 to /127.0.0.1:52508" [_thread_blocked, id=6336, stack(0x0000000029040000,0x0000000029140000)]
  0x000000001d06d800 JavaThread "Cancel handler" [_thread_blocked, id=5108, stack(0x0000000028f40000,0x0000000029040000)]
  0x000000001d06b000 JavaThread "Handler for socket connection from /127.0.0.1:52432 to /127.0.0.1:52508" [_thread_in_native, id=10304, stack(0x0000000028e40000,0x0000000028f40000)]
  0x000000001a164000 JavaThread "pool-2-thread-1" [_thread_blocked, id=8092, stack(0x0000000026240000,0x0000000026340000)]
  0x000000001a160000 JavaThread "Memory manager" [_thread_blocked, id=10772, stack(0x0000000023c10000,0x0000000023d10000)]
  0x000000001a15f800 JavaThread "pool-1-thread-1" [_thread_blocked, id=4336, stack(0x0000000022260000,0x0000000022360000)]
  0x000000001a156800 JavaThread "File lock request listener" [_thread_in_native, id=632, stack(0x000000001b9f0000,0x000000001baf0000)]
  0x0000000019fe9000 JavaThread "Cache worker for file hash cache (C:\Users\Administrator\.gradle\caches\4.4\fileHashes)" [_thread_blocked, id=10436, stack(0x000000001b8f0000,0x000000001b9f0000)]
  0x0000000019fe5800 JavaThread "Daemon worker" [_thread_blocked, id=10264, stack(0x000000001b2f0000,0x000000001b3f0000)]
  0x0000000019fea800 JavaThread "Daemon" [_thread_blocked, id=4400, stack(0x000000001adf0000,0x000000001aef0000)]
  0x0000000019fe6000 JavaThread "Daemon periodic checks" [_thread_blocked, id=2464, stack(0x000000001acf0000,0x000000001adf0000)]
  0x0000000019fe7000 JavaThread "Incoming local TCP Connector on port 52432" [_thread_in_native, id=10052, stack(0x000000001ab90000,0x000000001ac90000)]
  0x0000000019fea000 JavaThread "Daemon health stats" [_thread_blocked, id=4924, stack(0x000000001aa70000,0x000000001ab70000)]
  0x0000000018468000 JavaThread "Service Thread" daemon [_thread_blocked, id=8540, stack(0x0000000018ea0000,0x0000000018fa0000)]
  0x00000000183e2000 JavaThread "C1 CompilerThread3" daemon [_thread_blocked, id=10692, stack(0x0000000018da0000,0x0000000018ea0000)]
  0x00000000183d4800 JavaThread "C2 CompilerThread2" daemon [_thread_in_native, id=8040, stack(0x0000000018ca0000,0x0000000018da0000)]
=>0x00000000183cf800 JavaThread "C2 CompilerThread1" daemon [_thread_in_native, id=1408, stack(0x0000000018ba0000,0x0000000018ca0000)]
  0x00000000183cc800 JavaThread "C2 CompilerThread0" daemon [_thread_in_native, id=5192, stack(0x0000000018aa0000,0x0000000018ba0000)]
  0x00000000183cb800 JavaThread "Attach Listener" daemon [_thread_blocked, id=4572, stack(0x00000000189a0000,0x0000000018aa0000)]
  0x000000001645e800 JavaThread "Signal Dispatcher" daemon [_thread_blocked, id=1044, stack(0x00000000188a0000,0x00000000189a0000)]
  0x0000000018360800 JavaThread "Finalizer" daemon [_thread_blocked, id=7916, stack(0x0000000018740000,0x0000000018840000)]
  0x0000000002689000 JavaThread "Reference Handler" daemon [_thread_blocked, id=10432, stack(0x0000000018240000,0x0000000018340000)]
  0x000000000248d800 JavaThread "main" [_thread_blocked, id=10492, stack(0x0000000002490000,0x0000000002590000)]

Other Threads:
  0x0000000016448800 VMThread [stack: 0x0000000018140000,0x0000000018240000] [id=892]
  0x0000000018469800 WatcherThread [stack: 0x0000000018fa0000,0x00000000190a0000] [id=7276]

VM state:not at safepoint (normal execution)

VM Mutex/Monitor currently owned by a thread: None

Heap:
 PSYoungGen      total 259584K, used 217174K [0x00000000e0000000, 0x00000000f7e00000, 0x0000000100000000)
  eden space 182272K, 81% used [0x00000000e0000000,0x00000000e908c520,0x00000000eb200000)
  from space 77312K, 89% used [0x00000000eb200000,0x00000000ef5894c8,0x00000000efd80000)
  to   space 88064K, 0% used [0x00000000f2800000,0x00000000f2800000,0x00000000f7e00000)
 ParOldGen       total 247808K, used 194014K [0x00000000a0000000, 0x00000000af200000, 0x00000000e0000000)
  object space 247808K, 78% used [0x00000000a0000000,0x00000000abd77ad8,0x00000000af200000)
 Metaspace       used 103070K, capacity 108178K, committed 108288K, reserved 1142784K
  class space    used 13482K, capacity 14574K, committed 14592K, reserved 1048576K

Card table byte_map: [0x0000000011a50000,0x0000000011d60000] byte_map_base: 0x0000000011550000

Marking Bits: (ParMarkBitMap*) 0x000000005eb008c0
 Begin Bits: [0x0000000012760000, 0x0000000013f60000)
 End Bits:   [0x0000000013f60000, 0x0000000015760000)

Polling page: 0x00000000009a0000

CodeCache: size=245760Kb used=55718Kb max_used=55730Kb free=190041Kb
 bounds [0x0000000002690000, 0x0000000005d50000, 0x0000000011690000]
 total_blobs=17470 nmethods=16589 adapters=791
 compilation: enabled

Compilation events (10 events):
Event: 154.885 Thread 0x00000000183e2000 20359       3       com.android.tools.r8.graph.DexValue$NestedDexValue::equals (52 bytes)
Event: 154.885 Thread 0x00000000183e2000 nmethod 20359 0x0000000005d19350 code [0x0000000005d19500, 0x0000000005d19d28]
Event: 154.921 Thread 0x00000000183e2000 20362       3       com.android.tools.r8.utils.OrderedMergingIterator::next (150 bytes)
Event: 154.921 Thread 0x00000000183e2000 nmethod 20362 0x0000000005d1b490 code [0x0000000005d1b6a0, 0x0000000005d1bff8]
Event: 154.921 Thread 0x00000000183e2000 20363       3       com.android.tools.r8.graph.DexProgramClass::hasAnnotations (60 bytes)
Event: 154.922 Thread 0x00000000183cc800 nmethod 20357 0x0000000005d1f150 code [0x0000000005d1f340, 0x0000000005d20778]
Event: 154.922 Thread 0x00000000183cc800 20364       4       com.android.tools.r8.graph.DexAnnotationDirectory::<init> (281 bytes)
Event: 154.923 Thread 0x00000000183e2000 nmethod 20363 0x0000000005d21910 code [0x0000000005d21e20, 0x0000000005d24f98]
Event: 154.923 Thread 0x00000000183e2000 20361       3       com.android.tools.r8.graph.DexProgramClass::collectMixedSectionItems (69 bytes)
Event: 154.923 Thread 0x00000000183e2000 nmethod 20361 0x0000000005d18d50 code [0x0000000005d18ee0, 0x0000000005d19228]

GC Heap History (10 events):
Event: 149.840 GC heap before
{Heap before GC invocations=29 (full 4):
 PSYoungGen      total 198656K, used 198646K [0x00000000e0000000, 0x00000000f0500000, 0x0000000100000000)
  eden space 152576K, 100% used [0x00000000e0000000,0x00000000e9500000,0x00000000e9500000)
  from space 46080K, 99% used [0x00000000ec900000,0x00000000ef5fd9a0,0x00000000ef600000)
  to   space 53248K, 0% used [0x00000000e9500000,0x00000000e9500000,0x00000000ec900000)
 ParOldGen       total 247808K, used 121585K [0x00000000a0000000, 0x00000000af200000, 0x00000000e0000000)
  object space 247808K, 49% used [0x00000000a0000000,0x00000000a76bc610,0x00000000af200000)
 Metaspace       used 101647K, capacity 106546K, committed 106624K, reserved 1140736K
  class space    used 13374K, capacity 14436K, committed 14464K, reserved 1048576K
Event: 149.876 GC heap after
Heap after GC invocations=29 (full 4):
 PSYoungGen      total 205824K, used 5217K [0x00000000e0000000, 0x00000000f1200000, 0x0000000100000000)
  eden space 152576K, 0% used [0x00000000e0000000,0x00000000e0000000,0x00000000e9500000)
  from space 53248K, 9% used [0x00000000e9500000,0x00000000e9a18710,0x00000000ec900000)
  to   space 53248K, 0% used [0x00000000ede00000,0x00000000ede00000,0x00000000f1200000)
 ParOldGen       total 247808K, used 158453K [0x00000000a0000000, 0x00000000af200000, 0x00000000e0000000)
  object space 247808K, 63% used [0x00000000a0000000,0x00000000a9abd7f8,0x00000000af200000)
 Metaspace       used 101647K, capacity 106546K, committed 106624K, reserved 1140736K
  class space    used 13374K, capacity 14436K, committed 14464K, reserved 1048576K
}
Event: 150.215 GC heap before
{Heap before GC invocations=30 (full 4):
 PSYoungGen      total 205824K, used 157793K [0x00000000e0000000, 0x00000000f1200000, 0x0000000100000000)
  eden space 152576K, 100% used [0x00000000e0000000,0x00000000e9500000,0x00000000e9500000)
  from space 53248K, 9% used [0x00000000e9500000,0x00000000e9a18710,0x00000000ec900000)
  to   space 53248K, 0% used [0x00000000ede00000,0x00000000ede00000,0x00000000f1200000)
 ParOldGen       total 247808K, used 158453K [0x00000000a0000000, 0x00000000af200000, 0x00000000e0000000)
  object space 247808K, 63% used [0x00000000a0000000,0x00000000a9abd7f8,0x00000000af200000)
 Metaspace       used 101950K, capacity 106926K, committed 107264K, reserved 1142784K
  class space    used 13390K, capacity 14470K, committed 14592K, reserved 1048576K
Event: 150.221 GC heap after
Heap after GC invocations=30 (full 4):
 PSYoungGen      total 225280K, used 5084K [0x00000000e0000000, 0x00000000f1080000, 0x0000000100000000)
  eden space 173568K, 0% used [0x00000000e0000000,0x00000000e0000000,0x00000000ea980000)
  from space 51712K, 9% used [0x00000000ede00000,0x00000000ee2f7080,0x00000000f1080000)
  to   space 52736K, 0% used [0x00000000ea980000,0x00000000ea980000,0x00000000edd00000)
 ParOldGen       total 247808K, used 158461K [0x00000000a0000000, 0x00000000af200000, 0x00000000e0000000)
  object space 247808K, 63% used [0x00000000a0000000,0x00000000a9abf7f8,0x00000000af200000)
 Metaspace       used 101950K, capacity 106926K, committed 107264K, reserved 1142784K
  class space    used 13390K, capacity 14470K, committed 14592K, reserved 1048576K
}
Event: 150.883 GC heap before
{Heap before GC invocations=31 (full 4):
 PSYoungGen      total 225280K, used 178652K [0x00000000e0000000, 0x00000000f1080000, 0x0000000100000000)
  eden space 173568K, 100% used [0x00000000e0000000,0x00000000ea980000,0x00000000ea980000)
  from space 51712K, 9% used [0x00000000ede00000,0x00000000ee2f7080,0x00000000f1080000)
  to   space 52736K, 0% used [0x00000000ea980000,0x00000000ea980000,0x00000000edd00000)
 ParOldGen       total 247808K, used 158461K [0x00000000a0000000, 0x00000000af200000, 0x00000000e0000000)
  object space 247808K, 63% used [0x00000000a0000000,0x00000000a9abf7f8,0x00000000af200000)
 Metaspace       used 102715K, capacity 107786K, committed 108032K, reserved 1142784K
  class space    used 13474K, capacity 14566K, committed 14592K, reserved 1048576K
Event: 150.915 GC heap after
Heap after GC invocations=31 (full 4):
 PSYoungGen      total 226304K, used 44823K [0x00000000e0000000, 0x00000000f3700000, 0x0000000100000000)
  eden space 173568K, 0% used [0x00000000e0000000,0x00000000e0000000,0x00000000ea980000)
  from space 52736K, 84% used [0x00000000ea980000,0x00000000ed545d98,0x00000000edd00000)
  to   space 58880K, 0% used [0x00000000efd80000,0x00000000efd80000,0x00000000f3700000)
 ParOldGen       total 247808K, used 158469K [0x00000000a0000000, 0x00000000af200000, 0x00000000e0000000)
  object space 247808K, 63% used [0x00000000a0000000,0x00000000a9ac17f8,0x00000000af200000)
 Metaspace       used 102715K, capacity 107786K, committed 108032K, reserved 1142784K
  class space    used 13474K, capacity 14566K, committed 14592K, reserved 1048576K
}
Event: 152.438 GC heap before
{Heap before GC invocations=32 (full 4):
 PSYoungGen      total 226304K, used 218391K [0x00000000e0000000, 0x00000000f3700000, 0x0000000100000000)
  eden space 173568K, 100% used [0x00000000e0000000,0x00000000ea980000,0x00000000ea980000)
  from space 52736K, 84% used [0x00000000ea980000,0x00000000ed545d98,0x00000000edd00000)
  to   space 58880K, 0% used [0x00000000efd80000,0x00000000efd80000,0x00000000f3700000)
 ParOldGen       total 247808K, used 158469K [0x00000000a0000000, 0x00000000af200000, 0x00000000e0000000)
  object space 247808K, 63% used [0x00000000a0000000,0x00000000a9ac17f8,0x00000000af200000)
 Metaspace       used 102907K, capacity 107950K, committed 108032K, reserved 1142784K
  class space    used 13474K, capacity 14566K, committed 14592K, reserved 1048576K
Event: 152.494 GC heap after
Heap after GC invocations=32 (full 4):
 PSYoungGen      total 241152K, used 58856K [0x00000000e0000000, 0x00000000f5c00000, 0x0000000100000000)
  eden space 182272K, 0% used [0x00000000e0000000,0x00000000e0000000,0x00000000eb200000)
  from space 58880K, 99% used [0x00000000efd80000,0x00000000f36fa2a8,0x00000000f3700000)
  to   space 77312K, 0% used [0x00000000eb200000,0x00000000eb200000,0x00000000efd80000)
 ParOldGen       total 247808K, used 181362K [0x00000000a0000000, 0x00000000af200000, 0x00000000e0000000)
  object space 247808K, 73% used [0x00000000a0000000,0x00000000ab11cb78,0x00000000af200000)
 Metaspace       used 102907K, capacity 107950K, committed 108032K, reserved 1142784K
  class space    used 13474K, capacity 14566K, committed 14592K, reserved 1048576K
}
Event: 153.786 GC heap before
{Heap before GC invocations=33 (full 4):
 PSYoungGen      total 241152K, used 241104K [0x00000000e0000000, 0x00000000f5c00000, 0x0000000100000000)
  eden space 182272K, 99% used [0x00000000e0000000,0x00000000eb1f9ef8,0x00000000eb200000)
  from space 58880K, 99% used [0x00000000efd80000,0x00000000f36fa2a8,0x00000000f3700000)
  to   space 77312K, 0% used [0x00000000eb200000,0x00000000eb200000,0x00000000efd80000)
 ParOldGen       total 247808K, used 181362K [0x00000000a0000000, 0x00000000af200000, 0x00000000e0000000)
  object space 247808K, 73% used [0x00000000a0000000,0x00000000ab11cb78,0x00000000af200000)
 Metaspace       used 103055K, capacity 108114K, committed 108288K, reserved 1142784K
  class space    used 13482K, capacity 14574K, committed 14592K, reserved 1048576K
Event: 153.864 GC heap after
Heap after GC invocations=33 (full 4):
 PSYoungGen      total 259584K, used 69157K [0x00000000e0000000, 0x00000000f7e00000, 0x0000000100000000)
  eden space 182272K, 0% used [0x00000000e0000000,0x00000000e0000000,0x00000000eb200000)
  from space 77312K, 89% used [0x00000000eb200000,0x00000000ef5894c8,0x00000000efd80000)
  to   space 88064K, 0% used [0x00000000f2800000,0x00000000f2800000,0x00000000f7e00000)
 ParOldGen       total 247808K, used 194014K [0x00000000a0000000, 0x00000000af200000, 0x00000000e0000000)
  object space 247808K, 78% used [0x00000000a0000000,0x00000000abd77ad8,0x00000000af200000)
 Metaspace       used 103055K, capacity 108114K, committed 108288K, reserved 1142784K
  class space    used 13482K, capacity 14574K, committed 14592K, reserved 1048576K
}

Deoptimization events (10 events):
Event: 154.862 Thread 0x00000000226fd000 Uncommon trap: reason=class_check action=maybe_recompile pc=0x0000000005a41118 method=java.util.Comparator.lambda$comparing$77a9974f$1(Ljava/util/function/Function;Ljava/lang/Object;Ljava/lang/Object;)I @ 2
Event: 154.862 Thread 0x00000000226fd000 Uncommon trap: reason=class_check action=maybe_recompile pc=0x0000000005a41118 method=java.util.Comparator.lambda$comparing$77a9974f$1(Ljava/util/function/Function;Ljava/lang/Object;Ljava/lang/Object;)I @ 2
Event: 154.872 Thread 0x00000000226fd000 Uncommon trap: reason=bimorphic action=maybe_recompile pc=0x0000000005d16234 method=java.util.Comparator.lambda$comparing$77a9974f$1(Ljava/util/function/Function;Ljava/lang/Object;Ljava/lang/Object;)I @ 2
Event: 154.872 Thread 0x00000000226fd000 Uncommon trap: reason=bimorphic action=maybe_recompile pc=0x0000000005d16234 method=java.util.Comparator.lambda$comparing$77a9974f$1(Ljava/util/function/Function;Ljava/lang/Object;Ljava/lang/Object;)I @ 2
Event: 154.872 Thread 0x00000000226fd000 Uncommon trap: reason=bimorphic action=maybe_recompile pc=0x0000000005d16234 method=java.util.Comparator.lambda$comparing$77a9974f$1(Ljava/util/function/Function;Ljava/lang/Object;Ljava/lang/Object;)I @ 2
Event: 154.872 Thread 0x00000000226fd000 Uncommon trap: reason=bimorphic action=maybe_recompile pc=0x0000000005d16234 method=java.util.Comparator.lambda$comparing$77a9974f$1(Ljava/util/function/Function;Ljava/lang/Object;Ljava/lang/Object;)I @ 2
Event: 154.884 Thread 0x00000000226fd000 Uncommon trap: reason=unstable_if action=reinterpret pc=0x0000000005ce833c method=com.android.tools.r8.graph.DexValue$NestedDexValue.equals(Ljava/lang/Object;)Z @ 2
Event: 154.884 Thread 0x00000000226fd000 Uncommon trap: reason=unstable_if action=reinterpret pc=0x0000000005af88ec method=com.android.tools.r8.graph.DexValue$NestedDexValue.equals(Ljava/lang/Object;)Z @ 2
Event: 155.010 Thread 0x00000000226fd000 Uncommon trap: reason=predicate action=maybe_recompile pc=0x0000000005a430c0 method=java.util.TimSort.mergeLo(IIII)V @ 153
Event: 155.010 Thread 0x00000000226fd000 Uncommon trap: reason=predicate action=maybe_recompile pc=0x0000000005a3bb0c method=java.util.TimSort.mergeHi(IIII)V @ 191

Classes redefined (0 events):
No events

Internal exceptions (10 events):
Event: 150.348 Thread 0x00000000226fb800 Exception <a 'sun/nio/fs/WindowsException'> (0x00000000e3281540) thrown at [C:\re\workspace\8-2-build-windows-amd64-cygwin\jdk8u171\10807\hotspot\src\share\vm\prims\jni.cpp, line 709]
Event: 150.351 Thread 0x00000000226ff000 Exception <a 'sun/nio/fs/WindowsException'> (0x00000000e3443e78) thrown at [C:\re\workspace\8-2-build-windows-amd64-cygwin\jdk8u171\10807\hotspot\src\share\vm\prims\jni.cpp, line 709]
Event: 150.575 Thread 0x000000001d077000 Exception <a 'sun/nio/fs/WindowsException'> (0x00000000e58c6b58) thrown at [C:\re\workspace\8-2-build-windows-amd64-cygwin\jdk8u171\10807\hotspot\src\share\vm\prims\jni.cpp, line 709]
Event: 150.834 Thread 0x0000000022701800 Implicit null exception at 0x000000000348c76f to 0x000000000348c861
Event: 150.834 Thread 0x00000000226fd000 Implicit null exception at 0x000000000348c76f to 0x000000000348c861
Event: 150.834 Thread 0x0000000022702000 Implicit null exception at 0x000000000348c76f to 0x000000000348c861
Event: 150.834 Thread 0x00000000226fe800 Implicit null exception at 0x000000000348c76f to 0x000000000348c861
Event: 152.243 Thread 0x00000000226fd000 Implicit null exception at 0x000000000578538f to 0x0000000005785501
Event: 153.095 Thread 0x00000000226fd000 Exception <a 'sun/nio/fs/WindowsException'> (0x00000000e29d0070) thrown at [C:\re\workspace\8-2-build-windows-amd64-cygwin\jdk8u171\10807\hotspot\src\share\vm\prims\jni.cpp, line 709]
Event: 153.292 Thread 0x000000001a164800 Exception <a 'sun/nio/fs/WindowsException'> (0x00000000e32eda58) thrown at [C:\re\workspace\8-2-build-windows-amd64-cygwin\jdk8u171\10807\hotspot\src\share\vm\prims\jni.cpp, line 709]

Events (10 events):
Event: 154.884 Thread 0x00000000226fd000 DEOPT UNPACKING pc=0x00000000026d583b sp=0x000000002e53e968 mode 2
Event: 154.884 Thread 0x00000000226fd000 Uncommon trap: trap_request=0xffffff65 fr.pc=0x0000000005af88ec
Event: 154.884 Thread 0x00000000226fd000 DEOPT PACKING pc=0x0000000005af88ec sp=0x000000002e53e9b0
Event: 154.885 Thread 0x00000000226fd000 DEOPT UNPACKING pc=0x00000000026d583b sp=0x000000002e53e958 mode 2
Event: 155.010 Thread 0x00000000226fd000 Uncommon trap: trap_request=0xffffff86 fr.pc=0x0000000005a430c0
Event: 155.010 Thread 0x00000000226fd000 DEOPT PACKING pc=0x0000000005a430c0 sp=0x000000002e53e9a0
Event: 155.010 Thread 0x00000000226fd000 DEOPT UNPACKING pc=0x00000000026d583b sp=0x000000002e53e9a0 mode 2
Event: 155.010 Thread 0x00000000226fd000 Uncommon trap: trap_request=0xffffff86 fr.pc=0x0000000005a3bb0c
Event: 155.010 Thread 0x00000000226fd000 DEOPT PACKING pc=0x0000000005a3bb0c sp=0x000000002e53e990
Event: 155.010 Thread 0x00000000226fd000 DEOPT UNPACKING pc=0x00000000026d583b sp=0x000000002e53e998 mode 2


Dynamic libraries:
0x00007ff7bb390000 - 0x00007ff7bb3c7000 	E:\JAVA\jdk1.8.0_171\bin\java.exe
0x00007ffcb1090000 - 0x00007ffcb1251000 	C:\Windows\SYSTEM32\ntdll.dll
0x00007ffcb0700000 - 0x00007ffcb07ad000 	C:\Windows\system32\KERNEL32.DLL
0x00007ffcad7a0000 - 0x00007ffcad988000 	C:\Windows\system32\KERNELBASE.dll
0x00007ffcaba40000 - 0x00007ffcabab9000 	C:\Windows\system32\apphelp.dll
0x00007ffcb0a40000 - 0x00007ffcb0ae7000 	C:\Windows\system32\ADVAPI32.dll
0x00007ffcb04a0000 - 0x00007ffcb053d000 	C:\Windows\system32\msvcrt.dll
0x00007ffcaec20000 - 0x00007ffcaec7b000 	C:\Windows\system32\sechost.dll
0x00007ffcb02c0000 - 0x00007ffcb03dc000 	C:\Windows\system32\RPCRT4.dll
0x00007ffcb0d70000 - 0x00007ffcb0ec6000 	C:\Windows\system32\USER32.dll
0x00007ffcae660000 - 0x00007ffcae7e6000 	C:\Windows\system32\GDI32.dll
0x00007ffca1900000 - 0x00007ffca1b74000 	C:\Windows\WinSxS\amd64_microsoft.windows.common-controls_6595b64144ccf1df_6.0.10586.0_none_8c15ae12515e1c22\COMCTL32.dll
0x00007ffcb0af0000 - 0x00007ffcb0d6d000 	C:\Windows\system32\combase.dll
0x00007ffcae360000 - 0x00007ffcae3ca000 	C:\Windows\system32\bcryptPrimitives.dll
0x00007ffcb0880000 - 0x00007ffcb08bb000 	C:\Windows\system32\IMM32.DLL
0x000000005eb80000 - 0x000000005ec52000 	E:\JAVA\jdk1.8.0_171\jre\bin\msvcr100.dll
0x000000005e2e0000 - 0x000000005eb80000 	E:\JAVA\jdk1.8.0_171\jre\bin\server\jvm.dll
0x00007ffcae5e0000 - 0x00007ffcae5e8000 	C:\Windows\system32\PSAPI.DLL
0x00007ffcab4f0000 - 0x00007ffcab513000 	C:\Windows\SYSTEM32\WINMM.dll
0x00007ffca8eb0000 - 0x00007ffca8eb9000 	C:\Windows\SYSTEM32\WSOCK32.dll
0x00007ffcaad90000 - 0x00007ffcaad9a000 	C:\Windows\SYSTEM32\VERSION.dll
0x00007ffcae5f0000 - 0x00007ffcae65b000 	C:\Windows\system32\WS2_32.dll
0x00007ffcab490000 - 0x00007ffcab4bc000 	C:\Windows\SYSTEM32\WINMMBASE.dll
0x00007ffcadb60000 - 0x00007ffcadba3000 	C:\Windows\system32\cfgmgr32.dll
0x000000005e2d0000 - 0x000000005e2df000 	E:\JAVA\jdk1.8.0_171\jre\bin\verify.dll
0x000000005e2a0000 - 0x000000005e2c9000 	E:\JAVA\jdk1.8.0_171\jre\bin\java.dll
0x000000005e280000 - 0x000000005e296000 	E:\JAVA\jdk1.8.0_171\jre\bin\zip.dll
0x00007ffcaed50000 - 0x00007ffcb02ac000 	C:\Windows\system32\SHELL32.dll
0x00007ffcadd10000 - 0x00007ffcae355000 	C:\Windows\system32\windows.storage.dll
0x00007ffcb03e0000 - 0x00007ffcb0432000 	C:\Windows\system32\shlwapi.dll
0x00007ffcad730000 - 0x00007ffcad73f000 	C:\Windows\system32\kernel.appcore.dll
0x00007ffcae3d0000 - 0x00007ffcae485000 	C:\Windows\system32\shcore.dll
0x00007ffcad6e0000 - 0x00007ffcad72b000 	C:\Windows\system32\powrprof.dll
0x00007ffcad6c0000 - 0x00007ffcad6d4000 	C:\Windows\system32\profapi.dll
0x000000005e260000 - 0x000000005e27a000 	E:\JAVA\jdk1.8.0_171\jre\bin\net.dll
0x00007ffcacfb0000 - 0x00007ffcad00c000 	C:\Windows\system32\mswsock.dll
0x000000005e240000 - 0x000000005e251000 	E:\JAVA\jdk1.8.0_171\jre\bin\nio.dll
0x00007ffca0c00000 - 0x00007ffca0c1e000 	C:\Users\Administrator\.gradle\native\25\windows-amd64\native-platform.dll
0x000000005e230000 - 0x000000005e23d000 	E:\JAVA\jdk1.8.0_171\jre\bin\management.dll
0x00007ffcad060000 - 0x00007ffcad077000 	C:\Windows\SYSTEM32\CRYPTSP.dll
0x00007ffcaccf0000 - 0x00007ffcacd24000 	C:\Windows\system32\rsaenh.dll
0x00007ffcad280000 - 0x00007ffcad2a9000 	C:\Windows\SYSTEM32\bcrypt.dll
0x00007ffcace40000 - 0x00007ffcace5f000 	C:\Windows\SYSTEM32\USERENV.dll
0x00007ffcad180000 - 0x00007ffcad18b000 	C:\Windows\SYSTEM32\CRYPTBASE.dll
0x00007ffcaada0000 - 0x00007ffcaadd8000 	C:\Windows\SYSTEM32\IPHLPAPI.DLL
0x00007ffcb02b0000 - 0x00007ffcb02b8000 	C:\Windows\system32\NSI.dll
0x00007ffca66f0000 - 0x00007ffca6706000 	C:\Windows\SYSTEM32\dhcpcsvc6.DLL
0x00007ffca6490000 - 0x00007ffca64aa000 	C:\Windows\SYSTEM32\dhcpcsvc.DLL
0x000000005fe60000 - 0x000000005fe84000 	E:\JAVA\jdk1.8.0_171\jre\bin\sunec.dll
0x00007ffcac0f0000 - 0x00007ffcac19a000 	C:\Windows\SYSTEM32\DNSAPI.dll
0x00007ffca0260000 - 0x00007ffca026a000 	C:\Windows\System32\rasadhlp.dll
0x00007ffca67b0000 - 0x00007ffca6817000 	C:\Windows\System32\fwpuclnt.dll
0x000000005fe50000 - 0x000000005fe5b000 	E:\JAVA\jdk1.8.0_171\jre\bin\sunmscapi.dll
0x00007ffcad990000 - 0x00007ffcadb57000 	C:\Windows\system32\CRYPT32.dll
0x00007ffcad6b0000 - 0x00007ffcad6c0000 	C:\Windows\system32\MSASN1.dll
0x00007ffcacbd0000 - 0x00007ffcacc01000 	C:\Windows\SYSTEM32\ntmarta.dll
0x00007ffc8ead0000 - 0x00007ffc8eb6c000 	C:\Windows\SYSTEM32\efswrt.dll
0x00007ffcaec80000 - 0x00007ffcaed41000 	C:\Windows\system32\OLEAUT32.dll
0x00007ffca9280000 - 0x00007ffca93b6000 	C:\Windows\SYSTEM32\wintypes.dll
0x00007ffc948e0000 - 0x00007ffc94930000 	C:\Windows\SYSTEM32\edputil.dll

VM Arguments:
jvm_args: -Xmx1536m -Dfile.encoding=GBK -Duser.country=CN -Duser.language=zh -Duser.variant 
java_command: org.gradle.launcher.daemon.bootstrap.GradleDaemon 4.4
java_class_path (initial): C:\Users\Administrator\.gradle\wrapper\dists\gradle-4.4-all\9br9xq1tocpiv8o6njlyu5op1\gradle-4.4\lib\gradle-launcher-4.4.jar
Launcher Type: SUN_STANDARD

Environment Variables:
JAVA_HOME=E:\JAVA\jdk1.8.0_171
CLASSPATH=.;E:\JAVA\jdk1.8.0_171\lib\dt.jar;E:\JAVA\jdk1.8.0_171\lib\tools.jar;
PATH=C:\Program Files (x86)\Common Files\Oracle\Java\javapath;C:\Windows\system32;C:\Windows;C:\Windows\System32\Wbem;C:\Windows\System32\WindowsPowerShell\v1.0\;E:\JAVA\jdk1.8.0_171\bin;C:\Program Files\MySQL\MySQL Server 5.5\bin;E:\Maven\apache-maven-3.3.9\bin;E:\SVN\TortoiseSVN\bin;E:\UltraEdit;C:\Program Files\IDM Computer Solutions\UltraCompare;E:\Git\Git\cmd
USERNAME=Administrator
OS=Windows_NT
PROCESSOR_IDENTIFIER=Intel64 Family 6 Model 94 Stepping 3, GenuineIntel



---------------  S Y S T E M  ---------------

OS: Windows 10.0 , 64 bit Build 10586 (10.0.10586.0)

CPU:total 8 (initial active 8) (4 cores per cpu, 2 threads per core) family 6 model 94 stepping 3, cmov, cx8, fxsr, mmx, sse, sse2, sse3, ssse3, sse4.1, sse4.2, popcnt, avx, avx2, aes, clmul, erms, rtm, 3dnowpref, lzcnt, ht, tsc, tscinvbit, bmi1, bmi2, adx

Memory: 4k page, physical 8275840k(499308k free), swap 10372992k(4584k free)

vm_info: Java HotSpot(TM) 64-Bit Server VM (25.171-b11) for windows-amd64 JRE (1.8.0_171-b11), built on Mar 28 2018 16:06:12 by "java_re" with MS VC++ 10.0 (VS2010)

time: Fri Aug 31 14:34:00 2018
elapsed time: 155 seconds (0d 0h 2m 35s)

